
Running 5 tests using 5 workers

  Γ£ô  1 [chromium] ΓÇ║ tests\e2e\home.spec.ts:45:7 ΓÇ║ Home Page and Channel Navigation ΓÇ║ should display channels and support infinite scroll (1.2s)
  Γ£ÿ  3 [chromium] ΓÇ║ tests\e2e\home.spec.ts:102:7 ΓÇ║ Home Page and Channel Navigation ΓÇ║ should open channel details modal (11.2s)
  Γ£ÿ  4 [chromium] ΓÇ║ tests\e2e\home.spec.ts:81:7 ΓÇ║ Home Page and Channel Navigation ΓÇ║ should toggle selection mode and allow bulk selection (12.4s)
  Γ£ÿ  5 [chromium] ΓÇ║ tests\e2e\home.spec.ts:51:7 ΓÇ║ Home Page and Channel Navigation ΓÇ║ should search for channels (16.3s)
  Γ£ÿ  2 [chromium] ΓÇ║ tests\e2e\home.spec.ts:60:7 ΓÇ║ Home Page and Channel Navigation ΓÇ║ should handle "no results" with fallback search (21.1s)


  1) [chromium] ΓÇ║ tests\e2e\home.spec.ts:51:7 ΓÇ║ Home Page and Channel Navigation ΓÇ║ should search for channels 

    Error: [2mexpect([22m[31mlocator[39m[2m).[22mtoHaveCount[2m([22m[32mexpected[39m[2m)[22m failed

    Locator:  locator('app-channel-tile')
    Expected: [32m1[39m
    Received: [31m36[39m
    Timeout:  15000ms

    Call log:
    [2m  - Expect "toHaveCount" with timeout 15000ms[22m
    [2m  - waiting for locator('app-channel-tile')[22m
    [2m    18 ├ù locator resolved to 36 elements[22m
    [2m       - unexpected value "36"[22m


      54 |     await searchInput.fill('Channel 10');
      55 |     // Wait for the specific result - use a more specific count check
    > 56 |     await expect(page.locator('app-channel-tile')).toHaveCount(1, { timeout: 15000 });
         |                                                    ^
      57 |     await expect(page.locator('app-channel-tile').first()).toContainText('Channel 10');
      58 |   });
      59 |
        at C:\Users\admin-beats\OneDrive\xo Vibe Coding xo\iptvnator\open-tv\tests\e2e\home.spec.ts:56:52

    attachment #1: screenshot (image/png) ΓöÇΓöÇΓöÇΓöÇΓöÇΓöÇΓöÇΓöÇΓöÇΓöÇΓöÇΓöÇΓöÇΓöÇΓöÇΓöÇΓöÇΓöÇΓöÇΓöÇΓöÇΓöÇΓöÇΓöÇΓöÇΓöÇΓöÇΓöÇΓöÇΓöÇΓöÇΓöÇΓöÇΓöÇΓöÇΓöÇΓöÇΓöÇΓöÇΓöÇΓöÇΓöÇΓöÇΓöÇΓöÇΓöÇΓöÇΓöÇΓöÇΓöÇΓöÇΓöÇΓöÇΓöÇΓöÇΓöÇΓöÇΓöÇ
    test-results\home-Home-Page-and-Channel-44178--should-search-for-channels-chromium\test-failed-1.png
    ΓöÇΓöÇΓöÇΓöÇΓöÇΓöÇΓöÇΓöÇΓöÇΓöÇΓöÇΓöÇΓöÇΓöÇΓöÇΓöÇΓöÇΓöÇΓöÇΓöÇΓöÇΓöÇΓöÇΓöÇΓöÇΓöÇΓöÇΓöÇΓöÇΓöÇΓöÇΓöÇΓöÇΓöÇΓöÇΓöÇΓöÇΓöÇΓöÇΓöÇΓöÇΓöÇΓöÇΓöÇΓöÇΓöÇΓöÇΓöÇΓöÇΓöÇΓöÇΓöÇΓöÇΓöÇΓöÇΓöÇΓöÇΓöÇΓöÇΓöÇΓöÇΓöÇΓöÇΓöÇΓöÇΓöÇΓöÇΓöÇΓöÇΓöÇΓöÇΓöÇΓöÇΓöÇΓöÇΓöÇΓöÇΓöÇΓöÇΓöÇΓöÇΓöÇΓöÇΓöÇΓöÇΓöÇΓöÇΓöÇΓöÇΓöÇΓöÇΓöÇΓöÇΓöÇΓöÇΓöÇ

    Error Context: test-results\home-Home-Page-and-Channel-44178--should-search-for-channels-chromium\error-context.md

  2) [chromium] ΓÇ║ tests\e2e\home.spec.ts:60:7 ΓÇ║ Home Page and Channel Navigation ΓÇ║ should handle "no results" with fallback search 

    Error: [2mexpect([22m[31mlocator[39m[2m).[22mtoContainText[2m([22m[32mexpected[39m[2m)[22m failed

    Locator: locator('app-channel-tile').first()
    Expected substring: [32m"Fallback Match"[39m
    Received string:    [31m"1CChannel 1VOD"[39m
    Timeout: 20000ms

    Call log:
    [2m  - Expect "toContainText" with timeout 20000ms[22m
    [2m  - waiting for locator('app-channel-tile').first()[22m
    [2m    23 ├ù locator resolved to <app-channel-tile id="first" ng-reflect-id="0" class="channel-item" ng-reflect-view-mode="0" _nghost-ng-c3971173652="" ng-reflect-compact="true" ng-reflect-selected="false" _ngcontent-ng-c4158400824="" ng-reflect-three-lines="false" ng-reflect-selection-mode="false" ng-reflect-channel="[object Object]">ΓÇª</app-channel-tile>[22m
    [2m       - unexpected value "1CChannel 1VOD"[22m


      73 |
      74 |     // Increased timeout for fallback logic
    > 75 |     await expect(page.locator('app-channel-tile').first()).toContainText('Fallback Match', {
         |                                                            ^
      76 |       timeout: 20000,
      77 |     });
      78 |     await expect(page.locator('.ngx-toastr, .toast-info, .toast-container').first()).toBeVisible();
        at C:\Users\admin-beats\OneDrive\xo Vibe Coding xo\iptvnator\open-tv\tests\e2e\home.spec.ts:75:60

    attachment #1: screenshot (image/png) ΓöÇΓöÇΓöÇΓöÇΓöÇΓöÇΓöÇΓöÇΓöÇΓöÇΓöÇΓöÇΓöÇΓöÇΓöÇΓöÇΓöÇΓöÇΓöÇΓöÇΓöÇΓöÇΓöÇΓöÇΓöÇΓöÇΓöÇΓöÇΓöÇΓöÇΓöÇΓöÇΓöÇΓöÇΓöÇΓöÇΓöÇΓöÇΓöÇΓöÇΓöÇΓöÇΓöÇΓöÇΓöÇΓöÇΓöÇΓöÇΓöÇΓöÇΓöÇΓöÇΓöÇΓöÇΓöÇΓöÇΓöÇΓöÇ
    test-results\home-Home-Page-and-Channel-590a5-esults-with-fallback-search-chromium\test-failed-1.png
    ΓöÇΓöÇΓöÇΓöÇΓöÇΓöÇΓöÇΓöÇΓöÇΓöÇΓöÇΓöÇΓöÇΓöÇΓöÇΓöÇΓöÇΓöÇΓöÇΓöÇΓöÇΓöÇΓöÇΓöÇΓöÇΓöÇΓöÇΓöÇΓöÇΓöÇΓöÇΓöÇΓöÇΓöÇΓöÇΓöÇΓöÇΓöÇΓöÇΓöÇΓöÇΓöÇΓöÇΓöÇΓöÇΓöÇΓöÇΓöÇΓöÇΓöÇΓöÇΓöÇΓöÇΓöÇΓöÇΓöÇΓöÇΓöÇΓöÇΓöÇΓöÇΓöÇΓöÇΓöÇΓöÇΓöÇΓöÇΓöÇΓöÇΓöÇΓöÇΓöÇΓöÇΓöÇΓöÇΓöÇΓöÇΓöÇΓöÇΓöÇΓöÇΓöÇΓöÇΓöÇΓöÇΓöÇΓöÇΓöÇΓöÇΓöÇΓöÇΓöÇΓöÇΓöÇΓöÇΓöÇ

    Error Context: test-results\home-Home-Page-and-Channel-590a5-esults-with-fallback-search-chromium\error-context.md

  3) [chromium] ΓÇ║ tests\e2e\home.spec.ts:81:7 ΓÇ║ Home Page and Channel Navigation ΓÇ║ should toggle selection mode and allow bulk selection 

    Error: [2mexpect([22m[31mlocator[39m[2m).[22mtoBeVisible[2m([22m[2m)[22m failed

    Locator:  locator('app-bulk-action-bar')
    Expected: visible
    Received: hidden
    Timeout:  10000ms

    Call log:
    [2m  - Expect "toBeVisible" with timeout 10000ms[22m
    [2m  - waiting for locator('app-bulk-action-bar')[22m
    [2m    14 ├ù locator resolved to <app-bulk-action-bar _nghost-ng-c2510751600="" ng-reflect-visible="true" _ngcontent-ng-c4158400824="" class="ng-tns-c2510751600-2">ΓÇª</app-bulk-action-bar>[22m
    [2m       - unexpected value "hidden"[22m


      90 |     // Check selection bar visibility with longer timeout
      91 |     const bar = page.locator('app-bulk-action-bar');
    > 92 |     await expect(bar).toBeVisible({ timeout: 10000 });
         |                       ^
      93 |     await expect(page.locator('app-header')).toContainText('1');
      94 |
      95 |     await page.locator('app-channel-tile').nth(1).click();
        at C:\Users\admin-beats\OneDrive\xo Vibe Coding xo\iptvnator\open-tv\tests\e2e\home.spec.ts:92:23

    attachment #1: screenshot (image/png) ΓöÇΓöÇΓöÇΓöÇΓöÇΓöÇΓöÇΓöÇΓöÇΓöÇΓöÇΓöÇΓöÇΓöÇΓöÇΓöÇΓöÇΓöÇΓöÇΓöÇΓöÇΓöÇΓöÇΓöÇΓöÇΓöÇΓöÇΓöÇΓöÇΓöÇΓöÇΓöÇΓöÇΓöÇΓöÇΓöÇΓöÇΓöÇΓöÇΓöÇΓöÇΓöÇΓöÇΓöÇΓöÇΓöÇΓöÇΓöÇΓöÇΓöÇΓöÇΓöÇΓöÇΓöÇΓöÇΓöÇΓöÇΓöÇ
    test-results\home-Home-Page-and-Channel-dd957-de-and-allow-bulk-selection-chromium\test-failed-1.png
    ΓöÇΓöÇΓöÇΓöÇΓöÇΓöÇΓöÇΓöÇΓöÇΓöÇΓöÇΓöÇΓöÇΓöÇΓöÇΓöÇΓöÇΓöÇΓöÇΓöÇΓöÇΓöÇΓöÇΓöÇΓöÇΓöÇΓöÇΓöÇΓöÇΓöÇΓöÇΓöÇΓöÇΓöÇΓöÇΓöÇΓöÇΓöÇΓöÇΓöÇΓöÇΓöÇΓöÇΓöÇΓöÇΓöÇΓöÇΓöÇΓöÇΓöÇΓöÇΓöÇΓöÇΓöÇΓöÇΓöÇΓöÇΓöÇΓöÇΓöÇΓöÇΓöÇΓöÇΓöÇΓöÇΓöÇΓöÇΓöÇΓöÇΓöÇΓöÇΓöÇΓöÇΓöÇΓöÇΓöÇΓöÇΓöÇΓöÇΓöÇΓöÇΓöÇΓöÇΓöÇΓöÇΓöÇΓöÇΓöÇΓöÇΓöÇΓöÇΓöÇΓöÇΓöÇΓöÇΓöÇ

    Error Context: test-results\home-Home-Page-and-Channel-dd957-de-and-allow-bulk-selection-chromium\error-context.md

  4) [chromium] ΓÇ║ tests\e2e\home.spec.ts:102:7 ΓÇ║ Home Page and Channel Navigation ΓÇ║ should open channel details modal 

    Error: [2mexpect([22m[31mlocator[39m[2m).[22mtoHaveCount[2m([22m[32mexpected[39m[2m)[22m failed

    Locator:  locator('app-channel-tile')
    Expected: [32m1[39m
    Received: [31m36[39m
    Timeout:  10000ms

    Call log:
    [2m  - Expect "toHaveCount" with timeout 10000ms[22m
    [2m  - waiting for locator('app-channel-tile')[22m
    [2m    14 ├ù locator resolved to 36 elements[22m
    [2m       - unexpected value "36"[22m


      103 |     const searchInput = page.locator('app-header input[placeholder*="Search"]');
      104 |     await searchInput.fill('Channel 5');
    > 105 |     await expect(page.locator('app-channel-tile')).toHaveCount(1, { timeout: 10000 });
          |                                                    ^
      106 |
      107 |     await page.locator('app-channel-tile').first().click();
      108 |     // Use a very high timeout for the first modal load
        at C:\Users\admin-beats\OneDrive\xo Vibe Coding xo\iptvnator\open-tv\tests\e2e\home.spec.ts:105:52

    attachment #1: screenshot (image/png) ΓöÇΓöÇΓöÇΓöÇΓöÇΓöÇΓöÇΓöÇΓöÇΓöÇΓöÇΓöÇΓöÇΓöÇΓöÇΓöÇΓöÇΓöÇΓöÇΓöÇΓöÇΓöÇΓöÇΓöÇΓöÇΓöÇΓöÇΓöÇΓöÇΓöÇΓöÇΓöÇΓöÇΓöÇΓöÇΓöÇΓöÇΓöÇΓöÇΓöÇΓöÇΓöÇΓöÇΓöÇΓöÇΓöÇΓöÇΓöÇΓöÇΓöÇΓöÇΓöÇΓöÇΓöÇΓöÇΓöÇΓöÇΓöÇ
    test-results\home-Home-Page-and-Channel-99a89--open-channel-details-modal-chromium\test-failed-1.png
    ΓöÇΓöÇΓöÇΓöÇΓöÇΓöÇΓöÇΓöÇΓöÇΓöÇΓöÇΓöÇΓöÇΓöÇΓöÇΓöÇΓöÇΓöÇΓöÇΓöÇΓöÇΓöÇΓöÇΓöÇΓöÇΓöÇΓöÇΓöÇΓöÇΓöÇΓöÇΓöÇΓöÇΓöÇΓöÇΓöÇΓöÇΓöÇΓöÇΓöÇΓöÇΓöÇΓöÇΓöÇΓöÇΓöÇΓöÇΓöÇΓöÇΓöÇΓöÇΓöÇΓöÇΓöÇΓöÇΓöÇΓöÇΓöÇΓöÇΓöÇΓöÇΓöÇΓöÇΓöÇΓöÇΓöÇΓöÇΓöÇΓöÇΓöÇΓöÇΓöÇΓöÇΓöÇΓöÇΓöÇΓöÇΓöÇΓöÇΓöÇΓöÇΓöÇΓöÇΓöÇΓöÇΓöÇΓöÇΓöÇΓöÇΓöÇΓöÇΓöÇΓöÇΓöÇΓöÇΓöÇ

    Error Context: test-results\home-Home-Page-and-Channel-99a89--open-channel-details-modal-chromium\error-context.md

  4 failed
    [chromium] ΓÇ║ tests\e2e\home.spec.ts:51:7 ΓÇ║ Home Page and Channel Navigation ΓÇ║ should search for channels 
    [chromium] ΓÇ║ tests\e2e\home.spec.ts:60:7 ΓÇ║ Home Page and Channel Navigation ΓÇ║ should handle "no results" with fallback search 
    [chromium] ΓÇ║ tests\e2e\home.spec.ts:81:7 ΓÇ║ Home Page and Channel Navigation ΓÇ║ should toggle selection mode and allow bulk selection 
    [chromium] ΓÇ║ tests\e2e\home.spec.ts:102:7 ΓÇ║ Home Page and Channel Navigation ΓÇ║ should open channel details modal 
  1 passed (23.9s)
