
Running 6 tests using 6 workers

  Γ£ô  1 [chromium] ΓÇ║ tests\e2e\settings.spec.ts:40:7 ΓÇ║ Settings Page ΓÇ║ should display current settings accurately (1.0s)
  Γ£ô  2 [chromium] ΓÇ║ tests\e2e\settings.spec.ts:66:7 ΓÇ║ Settings Page ΓÇ║ should show dependency status in MPV Medical Check (1.3s)
  Γ£ô  3 [chromium] ΓÇ║ tests\e2e\settings.spec.ts:46:7 ΓÇ║ Settings Page ΓÇ║ should update volume setting (1.4s)
  Γ£ô  6 [chromium] ΓÇ║ tests\e2e\settings.spec.ts:87:7 ΓÇ║ Settings Page ΓÇ║ should prompt for nuke confirmation (1.4s)
  Γ£ô  4 [chromium] ΓÇ║ tests\e2e\settings.spec.ts:56:7 ΓÇ║ Settings Page ΓÇ║ should toggle "Refresh on start" and trigger backend update (1.5s)
  Γ£ÿ  5 [chromium] ΓÇ║ tests\e2e\settings.spec.ts:94:7 ΓÇ║ Settings Page ΓÇ║ should apply the "Stable" MPV preset correctly (6.2s)


  1) [chromium] ΓÇ║ tests\e2e\settings.spec.ts:94:7 ΓÇ║ Settings Page ΓÇ║ should apply the "Stable" MPV preset correctly 

    Error: [2mexpect([22m[31mlocator[39m[2m).[22mtoContainText[2m([22m[32mexpected[39m[2m)[22m failed

    Locator: locator('#mpvParams')
    Expected substring: [32m"--reconnect-on-http-error=all"[39m
    Received string:    [31m""[39m
    Timeout: 5000ms

    Call log:
    [2m  - Expect "toContainText" with timeout 5000ms[22m
    [2m  - waiting for locator('#mpvParams')[22m
    [2m    9 ├ù locator resolved to <textarea id="mpvParams" _ngcontent-ng-c601402505="" ng-reflect-model="--reconnect-on-http-error=all " class="form-control ng-untouched ng-pristine ng-valid" placeholder="mpv params like: --hwdec auto. Don't touch this unless you know what you're doing!"></textarea>[22m
    [2m      - unexpected value ""[22m


      101 |
      102 |     // Verify it contains one of the new native flags we added
    > 103 |     await expect(paramsTextarea).toContainText('--reconnect-on-http-error=all');
          |                                  ^
      104 |
      105 |     // Verify it DOES NOT contain the old crashing flag
      106 |     await expect(paramsTextarea).not.toContainText('reconnect_on_http_error=4xx,5xx');
        at C:\Users\admin-beats\OneDrive\xo Vibe Coding xo\iptvnator\open-tv\tests\e2e\settings.spec.ts:103:34

    attachment #1: screenshot (image/png) ΓöÇΓöÇΓöÇΓöÇΓöÇΓöÇΓöÇΓöÇΓöÇΓöÇΓöÇΓöÇΓöÇΓöÇΓöÇΓöÇΓöÇΓöÇΓöÇΓöÇΓöÇΓöÇΓöÇΓöÇΓöÇΓöÇΓöÇΓöÇΓöÇΓöÇΓöÇΓöÇΓöÇΓöÇΓöÇΓöÇΓöÇΓöÇΓöÇΓöÇΓöÇΓöÇΓöÇΓöÇΓöÇΓöÇΓöÇΓöÇΓöÇΓöÇΓöÇΓöÇΓöÇΓöÇΓöÇΓöÇΓöÇΓöÇ
    test-results\settings-Settings-Page-sho-dea00-Stable-MPV-preset-correctly-chromium\test-failed-1.png
    ΓöÇΓöÇΓöÇΓöÇΓöÇΓöÇΓöÇΓöÇΓöÇΓöÇΓöÇΓöÇΓöÇΓöÇΓöÇΓöÇΓöÇΓöÇΓöÇΓöÇΓöÇΓöÇΓöÇΓöÇΓöÇΓöÇΓöÇΓöÇΓöÇΓöÇΓöÇΓöÇΓöÇΓöÇΓöÇΓöÇΓöÇΓöÇΓöÇΓöÇΓöÇΓöÇΓöÇΓöÇΓöÇΓöÇΓöÇΓöÇΓöÇΓöÇΓöÇΓöÇΓöÇΓöÇΓöÇΓöÇΓöÇΓöÇΓöÇΓöÇΓöÇΓöÇΓöÇΓöÇΓöÇΓöÇΓöÇΓöÇΓöÇΓöÇΓöÇΓöÇΓöÇΓöÇΓöÇΓöÇΓöÇΓöÇΓöÇΓöÇΓöÇΓöÇΓöÇΓöÇΓöÇΓöÇΓöÇΓöÇΓöÇΓöÇΓöÇΓöÇΓöÇΓöÇΓöÇΓöÇ

    Error Context: test-results\settings-Settings-Page-sho-dea00-Stable-MPV-preset-correctly-chromium\error-context.md

  1 failed
    [chromium] ΓÇ║ tests\e2e\settings.spec.ts:94:7 ΓÇ║ Settings Page ΓÇ║ should apply the "Stable" MPV preset correctly 
  5 passed (9.1s)
